WindowsPlatformFactory.RegisterBuildPlatforms: UnrealBuildTool.WindowsPlatformSDK using manually installed SDK
ProjectFileGenerator.GenerateProjectFiles: Discovering modules, targets and source code for project...
WindowsPlatform.FindVSInstallDirs: Found Visual Studio installation: C:\Program Files (x86)\Microsoft Visual Studio\2019\Community (Product=Microsoft.VisualStudio.Product.Community, Version=16.4.29613.14, Sort=0)
WindowsPlatform.FindToolChainDirs: Found Visual Studio toolchain: C:\Program Files (x86)\Microsoft Visual Studio\2019\Community\VC\Tools\MSVC\14.24.28314 (Version=14.24.28314)
UnrealBuildTool.Main: ERROR: Windows SDK must be installed in order to build this target.
UnrealBuildTool.Main: BuildException: Windows SDK must be installed in order to build this target.
UnrealBuildTool.Main:    위치: UnrealBuildTool.VCEnvironment.Create(WindowsCompiler Compiler, UnrealTargetPlatform Platform, WindowsArchitecture Architecture, String CompilerVersion, String WindowsSdkVersion, String SuppliedSdkDirectoryForVersion)
UnrealBuildTool.Main:    위치: UnrealBuildTool.WindowsPlatform.CreateVCEnvironment(TargetRules Target)
UnrealBuildTool.Main:    위치: UnrealBuildTool.WindowsPlatform.ValidateTarget(TargetRules Target)
UnrealBuildTool.Main:    위치: UnrealBuildTool.RulesAssembly.CreateTargetRulesInstance(String TypeName, TargetInfo TargetInfo)
UnrealBuildTool.Main:    위치: UnrealBuildTool.RulesAssembly.CreateTargetRules(String TargetName, UnrealTargetPlatform Platform, UnrealTargetConfiguration Configuration, String Architecture, FileReference ProjectFile, CommandLineArguments Arguments)
UnrealBuildTool.Main:    위치: UnrealBuildTool.ProjectFileGenerator.AddProjectsForAllTargets(PlatformProjectGeneratorCollection PlatformProjectGenerators, List`1 AllGames, List`1 AllTargetFiles, String[] Arguments, ProjectFile& EngineProject, ProjectFile& EnterpriseProject, List`1& GameProjects, Dictionary`2& ProgramProjects)
UnrealBuildTool.Main:    위치: UnrealBuildTool.ProjectFileGenerator.GenerateProjectFiles(PlatformProjectGeneratorCollection PlatformProjectGenerators, String[] Arguments)
UnrealBuildTool.Main:    위치: UnrealBuildTool.GenerateProjectFilesMode.Execute(CommandLineArguments Arguments)
UnrealBuildTool.Main:    위치: UnrealBuildTool.UnrealBuildTool.Main(String[] ArgumentsArray)
Timeline.Print: Timeline:
Timeline.Print: 
Timeline.Print: [ 0.000]
Timeline.Print: [ 0.000](+0.044) <unknown>
Timeline.Print: [ 0.044](+0.058) XmlConfig.ReadConfigFiles()
Timeline.Print: [ 0.102](+0.000) SingleInstanceMutex.Acquire()
Timeline.Print: [ 0.102](+0.054) UEBuildPlatform.RegisterPlatforms()
Timeline.Print:   0.103          [ 0.000](+0.032) Initializing InstalledPlatformInfo
Timeline.Print:   0.136          [ 0.033](+0.000) Querying types
Timeline.Print:   0.137          [ 0.034](+0.001) XXXPlatformFactory
Timeline.Print:   0.138          [ 0.036](+0.000) MacPlatformFactory
Timeline.Print:   0.139          [ 0.036](+0.000) TVOSPlatformFactory
Timeline.Print:   0.139          [ 0.036](+0.000) AndroidPlatformFactory
Timeline.Print:   0.139          [ 0.036](+0.000) HoloLensPlatformFactory
Timeline.Print:   0.139          [ 0.036](+0.000) IOSPlatformFactory
Timeline.Print:   0.139          [ 0.036](+0.000) LinuxPlatformFactory
Timeline.Print:   0.139          [ 0.036](+0.000) LuminPlatformFactory
Timeline.Print:   0.139          [ 0.036](+0.018) WindowsPlatformFactory
Timeline.Print: [ 0.157](+0.412) <unknown>
Timeline.Print: [ 0.570](+0.002) Finding engine modules
Timeline.Print: [ 0.573](+0.003) Finding plugin modules
Timeline.Print: [ 0.576](+0.033) <unknown>
Timeline.Print: [ 0.610](+0.000) Finding program modules
Timeline.Print: [ 0.610](+0.000) Finding program targets
Timeline.Print: [ 0.610](+0.054) <unknown>
Timeline.Print: [ 0.664](+0.000) FileMetadataPrefetch.Stop()
Timeline.Print: [ 0.667]
