WindowsPlatformFactory.RegisterBuildPlatforms: UnrealBuildTool.WindowsPlatformSDK using manually installed SDK
ProjectFileGenerator.GenerateProjectFiles: Discovering modules, targets and source code for project...
WindowsPlatform.FindVSInstallDirs: Found Visual Studio installation: C:\Program Files (x86)\Microsoft Visual Studio\2019\Community (Product=Microsoft.VisualStudio.Product.Community, Version=16.4.29613.14, Sort=0)
WindowsPlatform.FindToolChainDirs: Found Visual Studio toolchain: C:\Program Files (x86)\Microsoft Visual Studio\2019\Community\VC\Tools\MSVC\14.24.28314 (Version=14.24.28314)
UnrealBuildTool.Main: ERROR: Windows SDK must be installed in order to build this target.
UnrealBuildTool.Main: BuildException: Windows SDK must be installed in order to build this target.
UnrealBuildTool.Main:    위치: UnrealBuildTool.VCEnvironment.Create(WindowsCompiler Compiler, UnrealTargetPlatform Platform, WindowsArchitecture Architecture, String CompilerVersion, String WindowsSdkVersion, String SuppliedSdkDirectoryForVersion)
UnrealBuildTool.Main:    위치: UnrealBuildTool.WindowsPlatform.CreateVCEnvironment(TargetRules Target)
UnrealBuildTool.Main:    위치: UnrealBuildTool.WindowsPlatform.ValidateTarget(TargetRules Target)
UnrealBuildTool.Main:    위치: UnrealBuildTool.RulesAssembly.CreateTargetRulesInstance(String TypeName, TargetInfo TargetInfo)
UnrealBuildTool.Main:    위치: UnrealBuildTool.RulesAssembly.CreateTargetRules(String TargetName, UnrealTargetPlatform Platform, UnrealTargetConfiguration Configuration, String Architecture, FileReference ProjectFile, CommandLineArguments Arguments)
UnrealBuildTool.Main:    위치: UnrealBuildTool.ProjectFileGenerator.AddProjectsForAllTargets(PlatformProjectGeneratorCollection PlatformProjectGenerators, List`1 AllGames, List`1 AllTargetFiles, String[] Arguments, ProjectFile& EngineProject, ProjectFile& EnterpriseProject, List`1& GameProjects, Dictionary`2& ProgramProjects)
UnrealBuildTool.Main:    위치: UnrealBuildTool.ProjectFileGenerator.GenerateProjectFiles(PlatformProjectGeneratorCollection PlatformProjectGenerators, String[] Arguments)
UnrealBuildTool.Main:    위치: UnrealBuildTool.GenerateProjectFilesMode.Execute(CommandLineArguments Arguments)
UnrealBuildTool.Main:    위치: UnrealBuildTool.UnrealBuildTool.Main(String[] ArgumentsArray)
Timeline.Print: Timeline:
Timeline.Print: 
Timeline.Print: [ 0.000]
Timeline.Print: [ 0.000](+0.074) <unknown>
Timeline.Print: [ 0.074](+0.086) XmlConfig.ReadConfigFiles()
Timeline.Print: [ 0.161](+0.000) SingleInstanceMutex.Acquire()
Timeline.Print: [ 0.161](+0.126) UEBuildPlatform.RegisterPlatforms()
Timeline.Print:   0.162          [ 0.001](+0.075) Initializing InstalledPlatformInfo
Timeline.Print:   0.238          [ 0.077](+0.000) Querying types
Timeline.Print:   0.240          [ 0.078](+0.001) XXXPlatformFactory
Timeline.Print:   0.242          [ 0.080](+0.000) MacPlatformFactory
Timeline.Print:   0.242          [ 0.081](+0.015) TVOSPlatformFactory
Timeline.Print:   0.257          [ 0.096](+0.000) AndroidPlatformFactory
Timeline.Print:   0.257          [ 0.096](+0.000) HoloLensPlatformFactory
Timeline.Print:   0.257          [ 0.096](+0.000) IOSPlatformFactory
Timeline.Print:   0.258          [ 0.097](+0.000) LinuxPlatformFactory
Timeline.Print:   0.258          [ 0.097](+0.000) LuminPlatformFactory
Timeline.Print:   0.258          [ 0.097](+0.028) WindowsPlatformFactory
Timeline.Print: [ 0.287](+5.976) <unknown>
Timeline.Print: [ 6.263](+0.003) Finding engine modules
Timeline.Print: [ 6.266](+0.005) Finding plugin modules
Timeline.Print: [ 6.272](+0.180) <unknown>
Timeline.Print: [ 6.452](+0.000) Finding program modules
Timeline.Print: [ 6.452](+0.000) Finding program targets
Timeline.Print: [ 6.452](+0.097) <unknown>
Timeline.Print: [ 6.550](+0.000) FileMetadataPrefetch.Stop()
Timeline.Print: [ 6.553]
