WindowsPlatformFactory.RegisterBuildPlatforms: UnrealBuildTool.WindowsPlatformSDK using manually installed SDK
ProjectFileGenerator.GenerateProjectFiles: Discovering modules, targets and source code for project...
WindowsPlatform.FindVSInstallDirs: Found Visual Studio installation: C:\Program Files (x86)\Microsoft Visual Studio\2019\Community (Product=Microsoft.VisualStudio.Product.Community, Version=16.4.29613.14, Sort=0)
WindowsPlatform.FindToolChainDirs: Found Visual Studio toolchain: C:\Program Files (x86)\Microsoft Visual Studio\2019\Community\VC\Tools\MSVC\14.24.28314 (Version=14.24.28314)
DynamicCompilation.RequiresCompilation: Compiling D:\eVan_Engine425\Engine\Intermediate\Build\BuildRules\UE4Rules.dll: Removed source file (D:\채석포트폴리오\eVanClass\eVan_Engine425(customEngine)\Engine\Source\Runtime\Advertising\Advertising\Advertising.Build.cs)
DynamicCompilation.RequiresCompilation: Compiling D:\eVan_Engine425\Engine\Intermediate\Build\BuildRules\UE4ProgramRules.dll: Removed source file (D:\채석포트폴리오\eVanClass\eVan_Engine425(customEngine)\Engine\Source\Programs\UnrealHeaderTool\UnrealHeaderTool.Build.cs)
UnrealBuildTool.Main: ERROR: Windows SDK must be installed in order to build this target.
UnrealBuildTool.Main: BuildException: Windows SDK must be installed in order to build this target.
UnrealBuildTool.Main:    위치: UnrealBuildTool.VCEnvironment.Create(WindowsCompiler Compiler, UnrealTargetPlatform Platform, WindowsArchitecture Architecture, String CompilerVersion, String WindowsSdkVersion, String SuppliedSdkDirectoryForVersion)
UnrealBuildTool.Main:    위치: UnrealBuildTool.WindowsPlatform.CreateVCEnvironment(TargetRules Target)
UnrealBuildTool.Main:    위치: UnrealBuildTool.WindowsPlatform.ValidateTarget(TargetRules Target)
UnrealBuildTool.Main:    위치: UnrealBuildTool.RulesAssembly.CreateTargetRulesInstance(String TypeName, TargetInfo TargetInfo)
UnrealBuildTool.Main:    위치: UnrealBuildTool.RulesAssembly.CreateTargetRules(String TargetName, UnrealTargetPlatform Platform, UnrealTargetConfiguration Configuration, String Architecture, FileReference ProjectFile, CommandLineArguments Arguments)
UnrealBuildTool.Main:    위치: UnrealBuildTool.ProjectFileGenerator.AddProjectsForAllTargets(PlatformProjectGeneratorCollection PlatformProjectGenerators, List`1 AllGames, List`1 AllTargetFiles, String[] Arguments, ProjectFile& EngineProject, ProjectFile& EnterpriseProject, List`1& GameProjects, Dictionary`2& ProgramProjects)
UnrealBuildTool.Main:    위치: UnrealBuildTool.ProjectFileGenerator.GenerateProjectFiles(PlatformProjectGeneratorCollection PlatformProjectGenerators, String[] Arguments)
UnrealBuildTool.Main:    위치: UnrealBuildTool.GenerateProjectFilesMode.Execute(CommandLineArguments Arguments)
UnrealBuildTool.Main:    위치: UnrealBuildTool.UnrealBuildTool.Main(String[] ArgumentsArray)
Timeline.Print: Timeline:
Timeline.Print: 
Timeline.Print: [ 0.000]
Timeline.Print: [ 0.000](+0.047) <unknown>
Timeline.Print: [ 0.047](+0.065) XmlConfig.ReadConfigFiles()
Timeline.Print: [ 0.112](+0.000) SingleInstanceMutex.Acquire()
Timeline.Print: [ 0.112](+0.060) UEBuildPlatform.RegisterPlatforms()
Timeline.Print:   0.113          [ 0.000](+0.036) Initializing InstalledPlatformInfo
Timeline.Print:   0.149          [ 0.037](+0.000) Querying types
Timeline.Print:   0.152          [ 0.040](+0.001) XXXPlatformFactory
Timeline.Print:   0.154          [ 0.041](+0.000) MacPlatformFactory
Timeline.Print:   0.154          [ 0.041](+0.000) TVOSPlatformFactory
Timeline.Print:   0.154          [ 0.041](+0.000) AndroidPlatformFactory
Timeline.Print:   0.154          [ 0.042](+0.000) HoloLensPlatformFactory
Timeline.Print:   0.154          [ 0.042](+0.000) IOSPlatformFactory
Timeline.Print:   0.154          [ 0.042](+0.000) LinuxPlatformFactory
Timeline.Print:   0.154          [ 0.042](+0.000) LuminPlatformFactory
Timeline.Print:   0.154          [ 0.042](+0.018) WindowsPlatformFactory
Timeline.Print: [ 0.173](+0.513) <unknown>
Timeline.Print: [ 0.686](+0.002) Finding engine modules
Timeline.Print: [ 0.688](+0.003) Finding plugin modules
Timeline.Print: [ 0.708](+1.388) Compiling rules assembly (UE4Rules.dll)
Timeline.Print: [ 2.096](+0.036) <unknown>
Timeline.Print: [ 2.133](+0.000) Finding program modules
Timeline.Print: [ 2.133](+0.000) Finding program targets
Timeline.Print: [ 2.135](+0.178) Compiling rules assembly (UE4ProgramRules.dll)
Timeline.Print: [ 2.313](+0.055) <unknown>
Timeline.Print: [ 2.369](+0.000) FileMetadataPrefetch.Stop()
Timeline.Print: [ 2.371]
