WindowsPlatformFactory.RegisterBuildPlatforms: UnrealBuildTool.WindowsPlatformSDK using manually installed SDK
ProjectFileGenerator.GenerateProjectFiles: Discovering modules, targets and source code for project...
WindowsPlatform.GetDefaultCompiler: WARNING: No Visual C++ installation was found. Please download and install Visual Studio 2017 with C++ components.
UnrealBuildTool.Main: ERROR: Visual Studio 2019 must be installed in order to build this target.
UnrealBuildTool.Main: BuildException: Visual Studio 2019 must be installed in order to build this target.
UnrealBuildTool.Main:    위치: UnrealBuildTool.VCEnvironment.Create(WindowsCompiler Compiler, UnrealTargetPlatform Platform, WindowsArchitecture Architecture, String CompilerVersion, String WindowsSdkVersion, String SuppliedSdkDirectoryForVersion)
UnrealBuildTool.Main:    위치: UnrealBuildTool.WindowsPlatform.CreateVCEnvironment(TargetRules Target)
UnrealBuildTool.Main:    위치: UnrealBuildTool.WindowsPlatform.ValidateTarget(TargetRules Target)
UnrealBuildTool.Main:    위치: UnrealBuildTool.RulesAssembly.CreateTargetRulesInstance(String TypeName, TargetInfo TargetInfo)
UnrealBuildTool.Main:    위치: UnrealBuildTool.RulesAssembly.CreateTargetRules(String TargetName, UnrealTargetPlatform Platform, UnrealTargetConfiguration Configuration, String Architecture, FileReference ProjectFile, CommandLineArguments Arguments)
UnrealBuildTool.Main:    위치: UnrealBuildTool.ProjectFileGenerator.AddProjectsForAllTargets(PlatformProjectGeneratorCollection PlatformProjectGenerators, List`1 AllGames, List`1 AllTargetFiles, String[] Arguments, ProjectFile& EngineProject, ProjectFile& EnterpriseProject, List`1& GameProjects, Dictionary`2& ProgramProjects)
UnrealBuildTool.Main:    위치: UnrealBuildTool.ProjectFileGenerator.GenerateProjectFiles(PlatformProjectGeneratorCollection PlatformProjectGenerators, String[] Arguments)
UnrealBuildTool.Main:    위치: UnrealBuildTool.GenerateProjectFilesMode.Execute(CommandLineArguments Arguments)
UnrealBuildTool.Main:    위치: UnrealBuildTool.UnrealBuildTool.Main(String[] ArgumentsArray)
Timeline.Print: Timeline:
Timeline.Print: 
Timeline.Print: [ 0.000]
Timeline.Print: [ 0.000](+0.025) <unknown>
Timeline.Print: [ 0.025](+0.032) XmlConfig.ReadConfigFiles()
Timeline.Print: [ 0.057](+0.000) SingleInstanceMutex.Acquire()
Timeline.Print: [ 0.057](+0.033) UEBuildPlatform.RegisterPlatforms()
Timeline.Print:   0.058          [ 0.000](+0.019) Initializing InstalledPlatformInfo
Timeline.Print:   0.078          [ 0.020](+0.000) Querying types
Timeline.Print:   0.079          [ 0.021](+0.000) XXXPlatformFactory
Timeline.Print:   0.080          [ 0.022](+0.000) MacPlatformFactory
Timeline.Print:   0.080          [ 0.022](+0.000) TVOSPlatformFactory
Timeline.Print:   0.080          [ 0.022](+0.000) AndroidPlatformFactory
Timeline.Print:   0.080          [ 0.022](+0.000) HoloLensPlatformFactory
Timeline.Print:   0.080          [ 0.022](+0.000) IOSPlatformFactory
Timeline.Print:   0.080          [ 0.022](+0.000) LinuxPlatformFactory
Timeline.Print:   0.080          [ 0.022](+0.000) LuminPlatformFactory
Timeline.Print:   0.080          [ 0.022](+0.010) WindowsPlatformFactory
Timeline.Print: [ 0.090](+0.205) <unknown>
Timeline.Print: [ 0.296](+0.001) Finding engine modules
Timeline.Print: [ 0.297](+0.002) Finding plugin modules
Timeline.Print: [ 0.299](+0.020) <unknown>
Timeline.Print: [ 0.320](+0.000) Finding program modules
Timeline.Print: [ 0.320](+0.000) Finding program targets
Timeline.Print: [ 0.320](+0.031) <unknown>
Timeline.Print: [ 0.351](+0.000) FileMetadataPrefetch.Stop()
Timeline.Print: [ 0.353]
