WindowsPlatformFactory.RegisterBuildPlatforms: UnrealBuildTool.WindowsPlatformSDK using manually installed SDK
ProjectFileGenerator.GenerateProjectFiles: Discovering modules, targets and source code for project...
WindowsPlatform.FindVSInstallDirs: Found Visual Studio installation: C:\Program Files (x86)\Microsoft Visual Studio\2019\Community (Product=Microsoft.VisualStudio.Product.Community, Version=16.4.29613.14, Sort=0)
WindowsPlatform.FindToolChainDirs: Found Visual Studio toolchain: C:\Program Files (x86)\Microsoft Visual Studio\2019\Community\VC\Tools\MSVC\14.24.28314 (Version=14.24.28314)
UnrealBuildTool.Main: ERROR: Windows SDK must be installed in order to build this target.
UnrealBuildTool.Main: BuildException: Windows SDK must be installed in order to build this target.
UnrealBuildTool.Main:    위치: UnrealBuildTool.VCEnvironment.Create(WindowsCompiler Compiler, UnrealTargetPlatform Platform, WindowsArchitecture Architecture, String CompilerVersion, String WindowsSdkVersion, String SuppliedSdkDirectoryForVersion)
UnrealBuildTool.Main:    위치: UnrealBuildTool.WindowsPlatform.CreateVCEnvironment(TargetRules Target)
UnrealBuildTool.Main:    위치: UnrealBuildTool.WindowsPlatform.ValidateTarget(TargetRules Target)
UnrealBuildTool.Main:    위치: UnrealBuildTool.RulesAssembly.CreateTargetRulesInstance(String TypeName, TargetInfo TargetInfo)
UnrealBuildTool.Main:    위치: UnrealBuildTool.RulesAssembly.CreateTargetRules(String TargetName, UnrealTargetPlatform Platform, UnrealTargetConfiguration Configuration, String Architecture, FileReference ProjectFile, CommandLineArguments Arguments)
UnrealBuildTool.Main:    위치: UnrealBuildTool.ProjectFileGenerator.AddProjectsForAllTargets(PlatformProjectGeneratorCollection PlatformProjectGenerators, List`1 AllGames, List`1 AllTargetFiles, String[] Arguments, ProjectFile& EngineProject, ProjectFile& EnterpriseProject, List`1& GameProjects, Dictionary`2& ProgramProjects)
UnrealBuildTool.Main:    위치: UnrealBuildTool.ProjectFileGenerator.GenerateProjectFiles(PlatformProjectGeneratorCollection PlatformProjectGenerators, String[] Arguments)
UnrealBuildTool.Main:    위치: UnrealBuildTool.GenerateProjectFilesMode.Execute(CommandLineArguments Arguments)
UnrealBuildTool.Main:    위치: UnrealBuildTool.UnrealBuildTool.Main(String[] ArgumentsArray)
Timeline.Print: Timeline:
Timeline.Print: 
Timeline.Print: [ 0.000]
Timeline.Print: [ 0.000](+0.080) <unknown>
Timeline.Print: [ 0.080](+0.136) XmlConfig.ReadConfigFiles()
Timeline.Print: [ 0.216](+0.000) SingleInstanceMutex.Acquire()
Timeline.Print: [ 0.216](+0.108) UEBuildPlatform.RegisterPlatforms()
Timeline.Print:   0.217          [ 0.000](+0.075) Initializing InstalledPlatformInfo
Timeline.Print:   0.292          [ 0.075](+0.000) Querying types
Timeline.Print:   0.294          [ 0.078](+0.001) XXXPlatformFactory
Timeline.Print:   0.296          [ 0.079](+0.000) MacPlatformFactory
Timeline.Print:   0.296          [ 0.079](+0.005) TVOSPlatformFactory
Timeline.Print:   0.301          [ 0.084](+0.000) AndroidPlatformFactory
Timeline.Print:   0.301          [ 0.084](+0.000) HoloLensPlatformFactory
Timeline.Print:   0.301          [ 0.084](+0.000) IOSPlatformFactory
Timeline.Print:   0.302          [ 0.085](+0.000) LinuxPlatformFactory
Timeline.Print:   0.302          [ 0.086](+0.000) LuminPlatformFactory
Timeline.Print:   0.302          [ 0.086](+0.022) WindowsPlatformFactory
Timeline.Print: [ 0.325](+6.233) <unknown>
Timeline.Print: [ 6.558](+0.012) Finding engine modules
Timeline.Print: [ 6.571](+0.003) Finding plugin modules
Timeline.Print: [ 6.574](+0.196) <unknown>
Timeline.Print: [ 6.771](+0.000) Finding program modules
Timeline.Print: [ 6.771](+0.000) Finding program targets
Timeline.Print: [ 6.771](+0.106) <unknown>
Timeline.Print: [ 6.878](+0.000) FileMetadataPrefetch.Stop()
Timeline.Print: [ 6.882]
